<?xml version="1.0" encoding="UTF-8"?>
<!-- Generated by org.testng.reporters.JUnitXMLReporter -->
<testsuite hostname="LAPTOP-61LDMJ7H" name="Default test" tests="10" failures="0" timestamp="31 Aug 2020 08:08:50 GMT" time="0.063" errors="0">
  <testcase name="sum" time="0.016" classname="testNGFrameWork.Invocation_Count"/>
  <testcase name="sum" time="0.002" classname="testNGFrameWork.Invocation_Count"/>
  <testcase name="sum" time="0.002" classname="testNGFrameWork.Invocation_Count"/>
  <testcase name="sum" time="0.002" classname="testNGFrameWork.Invocation_Count"/>
  <testcase name="sum" time="0.001" classname="testNGFrameWork.Invocation_Count"/>
  <testcase name="sum" time="0.001" classname="testNGFrameWork.Invocation_Count"/>
  <testcase name="sum" time="0.001" classname="testNGFrameWork.Invocation_Count"/>
  <testcase name="sum" time="0.003" classname="testNGFrameWork.Invocation_Count"/>
  <testcase name="sum" time="0.002" classname="testNGFrameWork.Invocation_Count"/>
  <testcase name="sum" time="0.001" classname="testNGFrameWork.Invocation_Count"/>
</testsuite> <!-- Default test -->
