<?xml version="1.0" encoding="UTF-8"?>
<testng-results skipped="0" failed="1" total="1" passed="0">
  <reporter-output>
  </reporter-output>
  <suite name="Default suite" duration-ms="2990" started-at="2020-07-11T07:38:45Z" finished-at="2020-07-11T07:38:48Z">
    <groups>
    </groups>
    <test name="Default test" duration-ms="2990" started-at="2020-07-11T07:38:45Z" finished-at="2020-07-11T07:38:48Z">
      <class name="parameterTest_TestNg.ParameterTest">
        <test-method status="FAIL" signature="yahooLogintest(java.lang.String, java.lang.String, java.lang.String, java.lang.String)[pri:0, instance:parameterTest_TestNg.ParameterTest@66d2e7d9]" name="yahooLogintest" duration-ms="2962" started-at="2020-07-11T13:08:45Z" finished-at="2020-07-11T13:08:48Z">
          <params>
            <param index="0">
              <value>
                <![CDATA[chrome]]>
              </value>
            </param>
            <param index="1">
              <value>
                <![CDATA[QA]]>
              </value>
            </param>
            <param index="2">
              <value>
                <![CDATA[https://login.yahoo.com/]]>
              </value>
            </param>
            <param index="3">
              <value>
                <![CDATA[test@yahoo.com]]>
              </value>
            </param>
          </params>
          <exception class="org.openqa.selenium.SessionNotCreatedException">
            <message>
              <![CDATA[session not created: This version of ChromeDriver only supports Chrome version 81
Build info: version: '3.141.59', revision: 'e82be7d358', time: '2018-11-14T08:25:53'
System info: host: 'LAPTOP-61LDMJ7H', ip: '192.168.0.2', os.name: 'Windows 10', os.arch: 'amd64', os.version: '10.0', java.version: '1.8.0_231'
Driver info: driver.version: ChromeDriver
remote stacktrace: Backtrace:
	Ordinal0 [0x00E75E93+2449043]
	Ordinal0 [0x00DA8281+1606273]
	Ordinal0 [0x00C9F889+522377]
	Ordinal0 [0x00C305F3+67059]
	Ordinal0 [0x00C2CD92+52626]
	Ordinal0 [0x00C4C127+180519]
	Ordinal0 [0x00C4BF2D+180013]
	Ordinal0 [0x00C49E5B+171611]
	Ordinal0 [0x00C31DD8+73176]
	Ordinal0 [0x00C32E50+77392]
	Ordinal0 [0x00C32DE9+77289]
	Ordinal0 [0x00DBD7F7+1693687]
	GetHandleVerifier [0x00F14576+522742]
	GetHandleVerifier [0x00F142B4+522036]
	GetHandleVerifier [0x00F29587+608775]
	GetHandleVerifier [0x00F14DE6+524902]
	Ordinal0 [0x00DB5BDC+1661916]
	Ordinal0 [0x00DBF15B+1700187]
	Ordinal0 [0x00DBF2C3+1700547]
	Ordinal0 [0x00DD5135+1790261]
	BaseThreadInitThunk [0x75AF6359+25]
	RtlGetAppContainerNamedObjectPath [0x76EE7C24+228]
	RtlGetAppContainerNamedObjectPath [0x76EE7BF4+180]
]]>
            </message>
            <full-stacktrace>
              <![CDATA[org.openqa.selenium.SessionNotCreatedException: session not created: This version of ChromeDriver only supports Chrome version 81
Build info: version: '3.141.59', revision: 'e82be7d358', time: '2018-11-14T08:25:53'
System info: host: 'LAPTOP-61LDMJ7H', ip: '192.168.0.2', os.name: 'Windows 10', os.arch: 'amd64', os.version: '10.0', java.version: '1.8.0_231'
Driver info: driver.version: ChromeDriver
remote stacktrace: Backtrace:
	Ordinal0 [0x00E75E93+2449043]
	Ordinal0 [0x00DA8281+1606273]
	Ordinal0 [0x00C9F889+522377]
	Ordinal0 [0x00C305F3+67059]
	Ordinal0 [0x00C2CD92+52626]
	Ordinal0 [0x00C4C127+180519]
	Ordinal0 [0x00C4BF2D+180013]
	Ordinal0 [0x00C49E5B+171611]
	Ordinal0 [0x00C31DD8+73176]
	Ordinal0 [0x00C32E50+77392]
	Ordinal0 [0x00C32DE9+77289]
	Ordinal0 [0x00DBD7F7+1693687]
	GetHandleVerifier [0x00F14576+522742]
	GetHandleVerifier [0x00F142B4+522036]
	GetHandleVerifier [0x00F29587+608775]
	GetHandleVerifier [0x00F14DE6+524902]
	Ordinal0 [0x00DB5BDC+1661916]
	Ordinal0 [0x00DBF15B+1700187]
	Ordinal0 [0x00DBF2C3+1700547]
	Ordinal0 [0x00DD5135+1790261]
	BaseThreadInitThunk [0x75AF6359+25]
	RtlGetAppContainerNamedObjectPath [0x76EE7C24+228]
	RtlGetAppContainerNamedObjectPath [0x76EE7BF4+180]

	at sun.reflect.NativeConstructorAccessorImpl.newInstance0(Native Method)
	at sun.reflect.NativeConstructorAccessorImpl.newInstance(Unknown Source)
	at sun.reflect.DelegatingConstructorAccessorImpl.newInstance(Unknown Source)
	at java.lang.reflect.Constructor.newInstance(Unknown Source)
	at org.openqa.selenium.remote.W3CHandshakeResponse.lambda$errorHandler$0(W3CHandshakeResponse.java:62)
	at org.openqa.selenium.remote.HandshakeResponse.lambda$getResponseFunction$0(HandshakeResponse.java:30)
	at org.openqa.selenium.remote.ProtocolHandshake.lambda$createSession$0(ProtocolHandshake.java:126)
	at java.util.stream.ReferencePipeline$3$1.accept(Unknown Source)
	at java.util.Spliterators$ArraySpliterator.tryAdvance(Unknown Source)
	at java.util.stream.ReferencePipeline.forEachWithCancel(Unknown Source)
	at java.util.stream.AbstractPipeline.copyIntoWithCancel(Unknown Source)
	at java.util.stream.AbstractPipeline.copyInto(Unknown Source)
	at java.util.stream.AbstractPipeline.wrapAndCopyInto(Unknown Source)
	at java.util.stream.FindOps$FindOp.evaluateSequential(Unknown Source)
	at java.util.stream.AbstractPipeline.evaluate(Unknown Source)
	at java.util.stream.ReferencePipeline.findFirst(Unknown Source)
	at org.openqa.selenium.remote.ProtocolHandshake.createSession(ProtocolHandshake.java:128)
	at org.openqa.selenium.remote.ProtocolHandshake.createSession(ProtocolHandshake.java:74)
	at org.openqa.selenium.remote.HttpCommandExecutor.execute(HttpCommandExecutor.java:136)
	at org.openqa.selenium.remote.service.DriverCommandExecutor.execute(DriverCommandExecutor.java:83)
	at org.openqa.selenium.remote.RemoteWebDriver.execute(RemoteWebDriver.java:552)
	at org.openqa.selenium.remote.RemoteWebDriver.startSession(RemoteWebDriver.java:213)
	at org.openqa.selenium.remote.RemoteWebDriver.<init>(RemoteWebDriver.java:131)
	at org.openqa.selenium.chrome.ChromeDriver.<init>(ChromeDriver.java:181)
	at org.openqa.selenium.chrome.ChromeDriver.<init>(ChromeDriver.java:168)
	at org.openqa.selenium.chrome.ChromeDriver.<init>(ChromeDriver.java:123)
	at parameterTest_TestNg.ParameterTest.yahooLogintest(ParameterTest.java:20)
	at sun.reflect.NativeMethodAccessorImpl.invoke0(Native Method)
	at sun.reflect.NativeMethodAccessorImpl.invoke(Unknown Source)
	at sun.reflect.DelegatingMethodAccessorImpl.invoke(Unknown Source)
	at java.lang.reflect.Method.invoke(Unknown Source)
	at org.testng.internal.MethodInvocationHelper.invokeMethod(MethodInvocationHelper.java:80)
	at org.testng.internal.Invoker.invokeMethod(Invoker.java:714)
	at org.testng.internal.Invoker.invokeTestMethod(Invoker.java:901)
	at org.testng.internal.Invoker.invokeTestMethods(Invoker.java:1231)
	at org.testng.internal.TestMethodWorker.invokeTestMethods(TestMethodWorker.java:127)
	at org.testng.internal.TestMethodWorker.run(TestMethodWorker.java:111)
	at org.testng.TestRunner.privateRun(TestRunner.java:767)
	at org.testng.TestRunner.run(TestRunner.java:617)
	at org.testng.SuiteRunner.runTest(SuiteRunner.java:334)
	at org.testng.SuiteRunner.runSequentially(SuiteRunner.java:329)
	at org.testng.SuiteRunner.privateRun(SuiteRunner.java:291)
	at org.testng.SuiteRunner.run(SuiteRunner.java:240)
	at org.testng.SuiteRunnerWorker.runSuite(SuiteRunnerWorker.java:52)
	at org.testng.SuiteRunnerWorker.run(SuiteRunnerWorker.java:86)
	at org.testng.TestNG.runSuitesSequentially(TestNG.java:1198)
	at org.testng.TestNG.runSuitesLocally(TestNG.java:1123)
	at org.testng.TestNG.run(TestNG.java:1031)
	at org.testng.remote.AbstractRemoteTestNG.run(AbstractRemoteTestNG.java:126)
	at org.testng.remote.RemoteTestNG.initAndRun(RemoteTestNG.java:137)
	at org.testng.remote.RemoteTestNG.main(RemoteTestNG.java:58)
]]>
            </full-stacktrace>
          </exception> <!-- org.openqa.selenium.SessionNotCreatedException -->
          <reporter-output>
          </reporter-output>
        </test-method> <!-- yahooLogintest -->
      </class> <!-- parameterTest_TestNg.ParameterTest -->
    </test> <!-- Default test -->
  </suite> <!-- Default suite -->
</testng-results>
