<?xml version="1.0" encoding="UTF-8"?>
<!-- Generated by org.testng.reporters.JUnitXMLReporter -->
<testsuite hostname="Tejas" name="Entering Credentials" tests="5" failures="0" timestamp="4 May 2018 03:59:39 GMT" time="18.785" errors="0">
  <testcase name="EnterCred" time="1.816" classname="com.sampleddf.core.ddf.testcases.LoginCredentials"/>
  <testcase name="EnterCred" time="1.399" classname="com.sampleddf.core.ddf.testcases.LoginCredentials"/>
  <testcase name="EnterCred" time="1.333" classname="com.sampleddf.core.ddf.testcases.LoginCredentials"/>
  <testcase name="EnterCred" time="1.445" classname="com.sampleddf.core.ddf.testcases.LoginCredentials"/>
  <testcase name="EnterCred" time="1.298" classname="com.sampleddf.core.ddf.testcases.LoginCredentials"/>
</testsuite> <!-- Entering Credentials -->
