<?xml version="1.0" encoding="UTF-8"?>
<!-- Generated by org.testng.reporters.JUnitXMLReporter -->
<testsuite hostname="LAPTOP-61LDMJ7H" name="Link Calculations on Rediff" tests="2" failures="0" timestamp="10 May 2020 19:30:08 GMT" time="0.013" errors="0">
  <testcase name="@BeforeTest LaunchBrowser" time="0.0" classname="redifftestcases.linkcalc">
    <failure type="java.lang.IllegalStateException" message="The driver executable does not exist: F:\My Work\TECH DATA\seleniumproject\Drivers\chromedriver_win32\chromedriver.exe">
      <![CDATA[java.lang.IllegalStateException: The driver executable does not exist: F:\My Work\TECH DATA\seleniumproject\Drivers\chromedriver_win32\chromedriver.exe
	at com.google.common.base.Preconditions.checkState(Preconditions.java:585)
	at org.openqa.selenium.remote.service.DriverService.checkExecutable(DriverService.java:146)
	at org.openqa.selenium.remote.service.DriverService.findExecutable(DriverService.java:141)
	at org.openqa.selenium.chrome.ChromeDriverService.access$000(ChromeDriverService.java:35)
	at org.openqa.selenium.chrome.ChromeDriverService$Builder.findDefaultExecutable(ChromeDriverService.java:159)
	at org.openqa.selenium.remote.service.DriverService$Builder.build(DriverService.java:355)
	at org.openqa.selenium.chrome.ChromeDriverService.createDefaultService(ChromeDriverService.java:94)
	at org.openqa.selenium.chrome.ChromeDriver.<init>(ChromeDriver.java:123)
	at redifftestcases.LoginTest.LaunchBrowser(LoginTest.java:58)
... Removed 22 stack frames]]>
    </failure>
  </testcase> <!-- @BeforeTest LaunchBrowser -->
  <testcase name="@AfterTest CloseBrowser" time="0.0" classname="redifftestcases.linkcalc">
    <skipped/>
  </testcase> <!-- @AfterTest CloseBrowser -->
  <testcase name="LaunchURL" time="0.002" classname="redifftestcases.linkcalc">
    <skipped/>
  </testcase> <!-- LaunchURL -->
  <testcase name="LinkCalc" time="0.0" classname="redifftestcases.linkcalc">
    <skipped/>
  </testcase> <!-- LinkCalc -->
</testsuite> <!-- Link Calculations on Rediff -->
