<?xml version="1.0" encoding="UTF-8"?>
<testng-results skipped="0" failed="0" total="2" passed="2">
  <reporter-output>
  </reporter-output>
  <suite name="Default suite" duration-ms="5827" started-at="2020-09-20T13:17:50Z" finished-at="2020-09-20T13:17:56Z">
    <groups>
    </groups>
    <test name="Default test" duration-ms="5827" started-at="2020-09-20T13:17:50Z" finished-at="2020-09-20T13:17:56Z">
      <class name="getRequest.GetData">
        <test-method status="PASS" signature="testBody()[pri:0, instance:getRequest.GetData@2a5ca609]" name="testBody" duration-ms="4695" started-at="2020-09-20T18:47:50Z" finished-at="2020-09-20T18:47:55Z">
          <reporter-output>
          </reporter-output>
        </test-method> <!-- testBody -->
        <test-method status="PASS" signature="testResponsecode()[pri:0, instance:getRequest.GetData@2a5ca609]" name="testResponsecode" duration-ms="1091" started-at="2020-09-20T18:47:55Z" finished-at="2020-09-20T18:47:56Z">
          <reporter-output>
          </reporter-output>
        </test-method> <!-- testResponsecode -->
      </class> <!-- getRequest.GetData -->
    </test> <!-- Default test -->
  </suite> <!-- Default suite -->
</testng-results>
