<?xml version="1.0" encoding="UTF-8"?>
<testng-results skipped="0" failed="0" total="10" passed="10">
  <reporter-output>
  </reporter-output>
  <suite name="Default suite" duration-ms="63" started-at="2020-08-31T08:08:50Z" finished-at="2020-08-31T08:08:50Z">
    <groups>
    </groups>
    <test name="Default test" duration-ms="63" started-at="2020-08-31T08:08:50Z" finished-at="2020-08-31T08:08:50Z">
      <class name="testNGFrameWork.Invocation_Count">
        <test-method status="PASS" signature="sum()[pri:0, instance:testNGFrameWork.Invocation_Count@531be3c5]" name="sum" duration-ms="16" started-at="2020-08-31T13:38:50Z" finished-at="2020-08-31T13:38:50Z">
          <reporter-output>
          </reporter-output>
        </test-method> <!-- sum -->
        <test-method status="PASS" signature="sum()[pri:0, instance:testNGFrameWork.Invocation_Count@531be3c5]" name="sum" duration-ms="2" started-at="2020-08-31T13:38:50Z" finished-at="2020-08-31T13:38:50Z">
          <reporter-output>
          </reporter-output>
        </test-method> <!-- sum -->
        <test-method status="PASS" signature="sum()[pri:0, instance:testNGFrameWork.Invocation_Count@531be3c5]" name="sum" duration-ms="2" started-at="2020-08-31T13:38:50Z" finished-at="2020-08-31T13:38:50Z">
          <reporter-output>
          </reporter-output>
        </test-method> <!-- sum -->
        <test-method status="PASS" signature="sum()[pri:0, instance:testNGFrameWork.Invocation_Count@531be3c5]" name="sum" duration-ms="2" started-at="2020-08-31T13:38:50Z" finished-at="2020-08-31T13:38:50Z">
          <reporter-output>
          </reporter-output>
        </test-method> <!-- sum -->
        <test-method status="PASS" signature="sum()[pri:0, instance:testNGFrameWork.Invocation_Count@531be3c5]" name="sum" duration-ms="1" started-at="2020-08-31T13:38:50Z" finished-at="2020-08-31T13:38:50Z">
          <reporter-output>
          </reporter-output>
        </test-method> <!-- sum -->
        <test-method status="PASS" signature="sum()[pri:0, instance:testNGFrameWork.Invocation_Count@531be3c5]" name="sum" duration-ms="1" started-at="2020-08-31T13:38:50Z" finished-at="2020-08-31T13:38:50Z">
          <reporter-output>
          </reporter-output>
        </test-method> <!-- sum -->
        <test-method status="PASS" signature="sum()[pri:0, instance:testNGFrameWork.Invocation_Count@531be3c5]" name="sum" duration-ms="1" started-at="2020-08-31T13:38:50Z" finished-at="2020-08-31T13:38:50Z">
          <reporter-output>
          </reporter-output>
        </test-method> <!-- sum -->
        <test-method status="PASS" signature="sum()[pri:0, instance:testNGFrameWork.Invocation_Count@531be3c5]" name="sum" duration-ms="3" started-at="2020-08-31T13:38:50Z" finished-at="2020-08-31T13:38:50Z">
          <reporter-output>
          </reporter-output>
        </test-method> <!-- sum -->
        <test-method status="PASS" signature="sum()[pri:0, instance:testNGFrameWork.Invocation_Count@531be3c5]" name="sum" duration-ms="2" started-at="2020-08-31T13:38:50Z" finished-at="2020-08-31T13:38:50Z">
          <reporter-output>
          </reporter-output>
        </test-method> <!-- sum -->
        <test-method status="PASS" signature="sum()[pri:0, instance:testNGFrameWork.Invocation_Count@531be3c5]" name="sum" duration-ms="1" started-at="2020-08-31T13:38:50Z" finished-at="2020-08-31T13:38:50Z">
          <reporter-output>
          </reporter-output>
        </test-method> <!-- sum -->
      </class> <!-- testNGFrameWork.Invocation_Count -->
    </test> <!-- Default test -->
  </suite> <!-- Default suite -->
</testng-results>
