<?xml version="1.0" encoding="UTF-8"?>
<!-- Generated by org.testng.reporters.JUnitXMLReporter -->
<testsuite hostname="Tejas" ignored="0" name="Adding Stocks" tests="2" failures="0" timestamp="23 Jun 2018 02:17:17 GMT" time="113.099" errors="0">
  <testcase name="AddStocksPortfolio" time="35.28" classname="com.sampleddf.core.ddf.mystocks.AddStocks"/>
  <testcase name="AddStocksPortfolioValidate" time="31.594" classname="com.sampleddf.core.ddf.mystocks.AddStocks"/>
</testsuite> <!-- Adding Stocks -->
