<?xml version="1.0" encoding="UTF-8"?>
<!-- Generated by org.testng.reporters.JUnitXMLReporter -->
<testsuite hostname="Tejas" ignored="0" name="Entering Credentials" tests="5" failures="0" timestamp="10 May 2018 03:36:34 GMT" time="77.983" errors="0">
  <testcase name="LoginCredentials" time="9.33" classname="com.sampleddf.core.ddf.loginpage.LoginPortfolio"/>
  <testcase name="LogOut" time="11.549" classname="com.sampleddf.core.ddf.loginpage.LoginPortfolio"/>
  <testcase name="LoginCredentialsNeg" time="13.075" classname="com.sampleddf.core.ddf.loginpage.LoginPortfolio"/>
  <testcase name="LoginCredentialsNeg" time="11.372" classname="com.sampleddf.core.ddf.loginpage.LoginPortfolio"/>
  <testcase name="LoginCredentialsNeg" time="12.455" classname="com.sampleddf.core.ddf.loginpage.LoginPortfolio"/>
</testsuite> <!-- Entering Credentials -->
