<?xml version="1.0" encoding="UTF-8"?>
<!-- Generated by org.testng.reporters.JUnitXMLReporter -->
<testsuite hostname="Tejas" ignored="0" name="Stocks Posrtfolio Grid" tests="2" failures="0" timestamp="23 Jun 2018 02:18:57 GMT" time="100.609" errors="0">
  <testcase name="StockGridReadonly" time="16.372" classname="com.sampleddf.core.ddf.mystocks.StockPortfolio"/>
  <testcase name="StockGridDeleteRecords" time="48.581" classname="com.sampleddf.core.ddf.mystocks.StockPortfolio"/>
</testsuite> <!-- Stocks Posrtfolio Grid -->
