<?xml version="1.0" encoding="UTF-8"?>
<!-- Generated by org.testng.reporters.JUnitXMLReporter -->
<testsuite hostname="Tejas" ignored="0" name="Entering Credentials" tests="5" failures="0" timestamp="07 May 2018 03:22:55 GMT" time="21.482" errors="0">
  <testcase name="EnterCred" time="1.662" classname="com.sampleddf.core.ddf.testcases.LoginCredentials"/>
  <testcase name="EnterCred" time="1.038" classname="com.sampleddf.core.ddf.testcases.LoginCredentials"/>
  <testcase name="EnterCred" time="1.234" classname="com.sampleddf.core.ddf.testcases.LoginCredentials"/>
  <testcase name="EnterCred" time="1.091" classname="com.sampleddf.core.ddf.testcases.LoginCredentials"/>
  <testcase name="EnterCred" time="1.101" classname="com.sampleddf.core.ddf.testcases.LoginCredentials"/>
</testsuite> <!-- Entering Credentials -->
