<?xml version="1.0" encoding="UTF-8"?>
<!-- Generated by org.testng.reporters.JUnitXMLReporter -->
<testsuite hostname="Tejas" ignored="0" name="Application Login" tests="4" failures="0" timestamp="30 Mar 2018 04:01:21 GMT" time="0.011" errors="0">
  <testcase name="OpenBrowser" time="0.001" classname="tests.ApplicationTests">
    <skipped/>
  </testcase> <!-- OpenBrowser -->
  <testcase name="OpenURL" time="0.0" classname="tests.ApplicationTests">
    <skipped/>
  </testcase> <!-- OpenURL -->
  <testcase name="Login" time="0.0" classname="tests.ApplicationTests">
    <skipped/>
  </testcase> <!-- Login -->
  <testcase name="Logout" time="0.0" classname="tests.ApplicationTests">
    <skipped/>
  </testcase> <!-- Logout -->
</testsuite> <!-- Application Login -->
