<?xml version="1.0" encoding="UTF-8"?>
<!-- Generated by org.testng.reporters.JUnitXMLReporter -->
<testsuite hostname="Tejas" ignored="0" name="Entering Credentials" tests="5" failures="0" timestamp="09 Apr 2018 05:09:10 GMT" time="20.812" errors="0">
  <testcase name="LaunchURL" time="2.194" classname="redifftestcases.LoginTest"/>
  <testcase name="EnterCred" time="1.737" classname="redifftestcases.LoginCred"/>
  <testcase name="EnterCred" time="0.693" classname="redifftestcases.LoginCred"/>
  <testcase name="EnterCred" time="0.809" classname="redifftestcases.LoginCred"/>
  <testcase name="EnterCred" time="0.684" classname="redifftestcases.LoginCred"/>
</testsuite> <!-- Entering Credentials -->
